[33mwarn[39m | Jan-12-2023 19:36:56 | La ruta /api/process/infoo/ no es valida
[31merror[39m | Jan-12-2023 19:37:21 | Cast to ObjectId failed for value "sdada" (type string) at path "_id" for model "productos"
[33mwarn[39m | Jan-25-2023 15:46:39 | La ruta /api/login/nuevo/ no es valida
[33mwarn[39m | Jan-25-2023 15:54:45 | La ruta /api/logout/ no es valida
[33mwarn[39m | Jan-25-2023 15:54:57 | La ruta /api/logout/ no es valida
[33mwarn[39m | Jan-25-2023 15:55:32 | La ruta /api/logout/ no es valida
[33mwarn[39m | Jan-25-2023 15:56:09 | La ruta /api/logout/ no es valida
[33mwarn[39m | Jan-25-2023 15:56:12 | La ruta /api/get/ no es valida
[33mwarn[39m | Jan-25-2023 15:56:23 | La ruta /api/get/ no es valida
[33mwarn[39m | Jan-25-2023 15:57:54 | La ruta /api/logout/ no es valida
[33mwarn[39m | Jan-27-2023 13:53:28 | La ruta /api/carrito/d5b2ac25-d126-4eb3-a3f0-472215cc907d/ no es valida
[33mwarn[39m | Jan-27-2023 13:54:38 | La ruta /api/pd5b2ac25-d126-4eb3-a3f0-472215cc907d/productos/ no es valida
[33mwarn[39m | Jan-27-2023 13:54:51 | La ruta /api/pd5b2ac25-d126-4eb3-a3f0-472215cc907d/63814345372280a8235bfd6b/ no es valida
[33mwarn[39m | Jan-27-2023 13:54:54 | La ruta /api/pd5b2ac25-d126-4eb3-a3f0-472215cc907d/ps5/ no es valida
[33mwarn[39m | Jan-27-2023 13:55:04 | La ruta /api/pd5b2ac25-d126-4eb3-a3f0-472215cc907d/prosuctos/ no es valida
[33mwarn[39m | Jan-27-2023 13:55:08 | La ruta /api/pd5b2ac25-d126-4eb3-a3f0-472215cc907d/productos/ no es valida
[33mwarn[39m | Jan-27-2023 13:55:17 | La ruta /api/pd5b2ac25-d126-4eb3-a3f0-472215cc907d/productos/ no es valida
[31merror[39m | Jan-27-2023 13:55:58 | Campos invalidos
[33mwarn[39m | Jan-27-2023 13:56:12 | La ruta /api/63814345372280a8235bfd6b/productos/ no es valida
[33mwarn[39m | Jan-28-2023 17:30:57 | La ruta /api/carrito/meter/ no es valida
[33mwarn[39m | Jan-28-2023 20:50:08 | La ruta /api/login/logout/ no es valida
[33mwarn[39m | Jan-28-2023 20:50:35 | La ruta /api/login/logout/ no es valida
[33mwarn[39m | Jan-29-2023 14:32:43 | La ruta /api/login/enviarCorreo2/ no es valida
[33mwarn[39m | Jan-29-2023 15:13:05 | La ruta /api/carrito/finalizarCompra/ no es valida
[33mwarn[39m | Jan-29-2023 17:19:50 | La ruta /api/login/enviarMensaje/ no es valida
[33mwarn[39m | Jan-29-2023 18:04:13 | La ruta /api/carrito/finalizarCompra/ no es valida
[33mwarn[39m | Jan-29-2023 18:04:28 | La ruta /api/carrito/finalizarCompra/ no es valida
[33mwarn[39m | Jan-29-2023 18:17:56 | La ruta /api/carrito/meter/ no es valida
[33mwarn[39m | Jan-29-2023 18:18:11 | La ruta /api/carrito/meter/ no es valida
[33mwarn[39m | Jan-29-2023 18:18:37 | La ruta /api/carrito/finalizarCompra/ no es valida
[33mwarn[39m | Jan-29-2023 18:55:05 | La ruta /api/carrito/meter/ no es valida
[33mwarn[39m | Jan-29-2023 18:55:09 | La ruta /api/carrito/meter/ no es valida
[31merror[39m | Jan-29-2023 20:09:00 | No tienes nada en el carrito
[31merror[39m | Jan-29-2023 20:25:32 | No tienes nada en el carrito
[33mwarn[39m | Jan-29-2023 20:26:23 | La ruta /api/carrito/ no es valida
[31merror[39m | Jan-29-2023 22:11:34 | carrito vacio para ese usuario
[33mwarn[39m | Jan-29-2023 22:22:54 | La ruta /api/login/enviarMensaje/ no es valida
[31merror[39m | Jan-31-2023 16:20:08 | carrito vacio para ese usuario
[33mwarn[39m | Feb-02-2023 17:15:22 | La ruta /api/produts/ no es valida
[31merror[39m | Feb-02-2023 17:22:41 | carrito vacio para ese usuario
[31merror[39m | Feb-02-2023 17:23:14 | No tiene nada en el carrito
[31merror[39m | Feb-02-2023 17:42:36 | E11000 duplicate key error collection: coderhouse.chats index: _id_ dup key: { _id: ObjectId('63b33b5b98d0fc811362a193') }
[33mwarn[39m | Feb-02-2023 17:47:24 | La ruta /api/login/logout/ no es valida
[33mwarn[39m | Feb-02-2023 18:35:40 | La ruta /api/process/ no es valida
[33mwarn[39m | Feb-02-2023 18:36:35 | La ruta /api/process/ no es valida
[33mwarn[39m | Feb-02-2023 18:36:36 | La ruta /api/process/ no es valida
[33mwarn[39m | Feb-02-2023 18:36:36 | La ruta /api/process/ no es valida
[33mwarn[39m | Feb-02-2023 18:36:37 | La ruta /api/process/ no es valida
[33mwarn[39m | Feb-02-2023 18:56:25 | La ruta /api/normalizacion/ no es valida
[33mwarn[39m | Feb-02-2023 19:00:11 | La ruta /api/categorias/ no es valida
[31merror[39m | Feb-02-2023 19:14:19 | Producto No encontrado
[31merror[39m | Feb-02-2023 19:15:54 | carrito vacio para ese usuario
[31merror[39m | Feb-02-2023 19:15:57 | carrito vacio para ese usuario
[31merror[39m | Feb-02-2023 19:16:19 | carrito vacio para ese usuario
[33mwarn[39m | Feb-02-2023 19:45:42 | La ruta /api/poductos/ no es valida
[33mwarn[39m | Feb-02-2023 19:45:44 | La ruta /api/poducto/ no es valida
[33mwarn[39m | Feb-02-2023 19:45:51 | La ruta /api/producto/ no es valida
[31merror[39m | Feb-02-2023 19:47:14 | no existe esa data
[33mwarn[39m | Feb-05-2023 21:06:49 | La ruta /favicon.ico/ no es valida
[31merror[39m | Feb-09-2023 18:31:40 | undefined
[31merror[39m | Feb-09-2023 18:32:13 | undefined
[31merror[39m | Feb-09-2023 18:35:06 | no existe esa data
[31merror[39m | Feb-09-2023 18:43:43 | carrito vacio para ese usuario
[33mwarn[39m | Feb-09-2023 19:18:01 | La ruta /api/producto/ no es valida
[31merror[39m | Feb-09-2023 19:20:26 | Campos invalidos
[31merror[39m | Feb-09-2023 19:21:14 | no existe esa data
[33mwarn[39m | Feb-09-2023 20:34:49 | La ruta /api/categorias/ no es valida
[31merror[39m | Feb-09-2023 21:25:51 | chats validation failed: mensaje: Cast to string failed for value "{ mensaje: 'hokasdas' }" (type Object) at path "mensaje"
[33mwarn[39m | Feb-16-2023 15:32:49 | La ruta /news/ no es valida
[33mwarn[39m | Feb-16-2023 16:31:14 | La ruta /api/productos/ no es valida
[31merror[39m | Feb-16-2023 16:39:35 | Elemento no encontrado
[31merror[39m | Feb-16-2023 16:39:40 | no existe esa data
[31merror[39m | Feb-16-2023 16:40:51 | Campos invalidos
[31merror[39m | Feb-16-2023 16:47:44 | no existe esa data
[31merror[39m | Feb-16-2023 16:51:55 | no existe esa data
[31merror[39m | Feb-16-2023 16:55:24 | no existe esa data
[31merror[39m | Feb-16-2023 18:13:58 | no existe esa data
[31merror[39m | Feb-16-2023 18:26:14 | Elemento no encontrado
[31merror[39m | Feb-16-2023 18:28:56 | Cast to ObjectId failed for value "0" (type string) at path "_id" for model "productos"
[31merror[39m | Feb-16-2023 18:30:50 | Cast to ObjectId failed for value "0" (type string) at path "_id" for model "productos"
[31merror[39m | Feb-16-2023 18:36:48 | Cast to ObjectId failed for value "[object Object]" (type string) at path "_id" for model "productos"
[31merror[39m | Feb-16-2023 18:37:11 | Cast to ObjectId failed for value "[object Object]" (type string) at path "_id" for model "productos"
[31merror[39m | Feb-16-2023 18:37:47 | Cast to ObjectId failed for value "undefined" (type string) at path "_id" for model "productos"
[31merror[39m | Feb-16-2023 18:38:14 | Cast to ObjectId failed for value "[object Object]" (type string) at path "_id" for model "productos"
[31merror[39m | Feb-16-2023 18:38:38 | Cast to ObjectId failed for value "[object Object]" (type string) at path "_id" for model "productos"
[31merror[39m | Feb-16-2023 18:43:40 | Cast to ObjectId failed for value "10" (type string) at path "_id" for model "productos"
[31merror[39m | Feb-16-2023 18:45:12 | no existe esa data
[31merror[39m | Feb-16-2023 18:48:17 | no existe esa data
[31merror[39m | Feb-16-2023 18:51:29 | no existe esa data
[31merror[39m | Feb-16-2023 18:51:48 | Elemento no encontrado
[31merror[39m | Feb-16-2023 18:51:48 | Elemento no encontrado
[31merror[39m | Feb-16-2023 18:51:48 | no existe esa data
[31merror[39m | Feb-16-2023 18:51:48 | Elemento no encontrado
[31merror[39m | Feb-16-2023 18:51:48 | no existe esa data
[31merror[39m | Feb-16-2023 18:51:48 | no existe esa data
[31merror[39m | Feb-16-2023 18:54:22 | no existe esa data
[31merror[39m | Feb-16-2023 18:55:14 | no existe esa data
[31merror[39m | Feb-16-2023 19:16:31 | Elemento no encontrado
[31merror[39m | Feb-16-2023 19:16:59 | Elemento no encontrado
[31merror[39m | Feb-16-2023 19:17:11 | no existe esa data
[31merror[39m | Feb-16-2023 19:21:53 | no existe esa data
[31merror[39m | Feb-16-2023 19:22:17 | no existe esa data
[31merror[39m | Feb-16-2023 19:22:17 | Elemento no encontrado
[31merror[39m | Feb-16-2023 19:22:17 | no existe esa data
[31merror[39m | Feb-16-2023 19:24:34 | no existe esa data
[31merror[39m | Feb-16-2023 19:29:36 | no existe esa data
